CRITICAL - 2022-07-15 00:10:55 --> You must set the database table to be used with your query.
in SYSTEMPATH\Database\BaseConnection.php on line 874.
 1 SYSTEMPATH\Model.php(586): CodeIgniter\Database\BaseConnection->table(null)
 2 SYSTEMPATH\Model.php(763): CodeIgniter\Model->builder()
 3 APPPATH\Models\M_Perencanaan.php(35): CodeIgniter\Model->__call('dbSiskeudesquery', [...])
 4 APPPATH\Controllers\Api\PerencanaanController.php(39): App\Models\M_Perencanaan->getTaKegiatan(2022, '06')
 5 APPPATH\Controllers\Api\PerencanaanController.php(25): App\Controllers\Api\PerencanaanController->_bidang()
 6 SYSTEMPATH\CodeIgniter.php(896): App\Controllers\Api\PerencanaanController->bidang()
 7 SYSTEMPATH\CodeIgniter.php(466): CodeIgniter\CodeIgniter->runController(Object(App\Controllers\Api\PerencanaanController))
 8 SYSTEMPATH\CodeIgniter.php(349): CodeIgniter\CodeIgniter->handleRequest(null, Object(Config\Cache), false)
 9 FCPATH\index.php(55): CodeIgniter\CodeIgniter->run()
ERROR - 2022-07-15 02:45:21 --> [Microsoft][ODBC Driver 18 for SQL Server][SQL Server]Incorrect syntax near the keyword 'and'.
ERROR - 2022-07-15 02:45:41 --> [Microsoft][ODBC Driver 18 for SQL Server][SQL Server]Incorrect syntax near the keyword 'and'.
ERROR - 2022-07-15 02:46:27 --> [Microsoft][ODBC Driver 18 for SQL Server][SQL Server]Incorrect syntax near the keyword 'and'.
ERROR - 2022-07-15 02:47:29 --> [Microsoft][ODBC Driver 18 for SQL Server][SQL Server]Incorrect syntax near the keyword 'and'.
ERROR - 2022-07-15 02:50:23 --> [Microsoft][ODBC Driver 18 for SQL Server][SQL Server]Incorrect syntax near the keyword 'and'.
ERROR - 2022-07-15 02:50:45 --> [Microsoft][ODBC Driver 18 for SQL Server][SQL Server]Incorrect syntax near the keyword 'and'.
ERROR - 2022-07-15 02:51:23 --> [Microsoft][ODBC Driver 18 for SQL Server][SQL Server]Incorrect syntax near '='.
ERROR - 2022-07-15 03:08:22 --> Error connecting to the database: Access denied for user ''@'localhost' (using password: NO)
ERROR - 2022-07-15 03:08:41 --> [Microsoft][ODBC Driver 18 for SQL Server][SQL Server]Incorrect syntax near '='.
